2022-03-07 16:42:05.215 | DEBUG    | __main__:on_press:59 - 's' :pushed
2022-03-07 16:42:05.372 | DEBUG    | __main__:on_press:59 - 'f' :pushed
2022-03-07 16:42:07.021 | DEBUG    | __main__:on_press:59 - 's' :pushed
2022-03-07 16:42:08.669 | DEBUG    | __main__:on_press:59 - Key.backspace :pushed
2022-03-07 16:42:08.967 | DEBUG    | __main__:on_press:59 - Key.backspace :pushed
2022-03-07 16:42:09.442 | DEBUG    | __main__:on_press:59 - Key.backspace :pushed
2022-03-07 16:42:11.045 | DEBUG    | __main__:on_press:59 - Key.backspace :pushed
2022-03-07 16:42:11.811 | DEBUG    | __main__:on_press:59 - Key.space :pushed
2022-03-07 16:42:38.462 | DEBUG    | __main__:on_press:59 - Key.alt_l :pushed
2022-03-07 16:42:38.572 | DEBUG    | __main__:on_press:59 - Key.tab :pushed
2022-03-07 16:43:33.155 | DEBUG    | __main__:on_press:59 - Key.alt_l :pushed
2022-03-07 16:43:33.296 | DEBUG    | __main__:on_press:59 - Key.tab :pushed
2022-03-07 16:43:33.892 | DEBUG    | __main__:on_press:59 - Key.alt_l :pushed
2022-03-07 16:43:33.956 | DEBUG    | __main__:on_press:59 - Key.tab :pushed
2022-03-07 16:43:36.186 | DEBUG    | __main__:on_press:59 - 'e' :pushed
2022-03-07 16:43:38.462 | DEBUG    | __main__:on_press:59 - Key.backspace :pushed
2022-03-07 16:43:44.869 | DEBUG    | __main__:on_press:59 - 'j' :pushed
2022-03-07 16:43:44.959 | DEBUG    | __main__:on_press:59 - 'd' :pushed
2022-03-07 16:43:45.156 | DEBUG    | __main__:on_press:59 - 'f' :pushed
2022-03-07 16:43:45.303 | DEBUG    | __main__:on_press:59 - 'k' :pushed
2022-03-07 16:43:45.379 | DEBUG    | __main__:on_press:59 - 'd' :pushed
2022-03-07 16:43:45.458 | DEBUG    | __main__:on_press:59 - 'j' :pushed
2022-03-07 16:43:45.636 | DEBUG    | __main__:on_press:59 - 'g' :pushed
2022-03-07 16:43:47.677 | DEBUG    | __main__:on_press:59 - Key.enter :pushed
2022-03-07 16:43:52.004 | DEBUG    | __main__:on_press:59 - Key.backspace :pushed
2022-03-07 16:43:52.419 | DEBUG    | __main__:on_press:59 - Key.backspace :pushed
2022-03-07 16:43:54.211 | DEBUG    | __main__:on_press:59 - Key.backspace :pushed
2022-03-07 16:43:54.511 | DEBUG    | __main__:on_press:59 - Key.backspace :pushed
2022-03-07 16:43:54.736 | DEBUG    | __main__:on_press:59 - Key.backspace :pushed
2022-03-07 16:43:54.953 | DEBUG    | __main__:on_press:59 - Key.backspace :pushed
2022-03-07 16:43:55.127 | DEBUG    | __main__:on_press:59 - Key.backspace :pushed
2022-03-07 16:43:58.714 | DEBUG    | __main__:on_press:59 - Key.alt_l :pushed
2022-03-07 16:43:58.816 | DEBUG    | __main__:on_press:59 - Key.tab :pushed
2022-03-07 16:44:36.116 | DEBUG    | __main__:on_press:59 - Key.alt_l :pushed
2022-03-07 16:44:36.271 | DEBUG    | __main__:on_press:59 - Key.tab :pushed
2022-03-07 16:44:46.230 | DEBUG    | __main__:on_press:59 - Key.alt_l :pushed
2022-03-07 16:44:46.372 | DEBUG    | __main__:on_press:59 - Key.tab :pushed
2022-03-07 16:44:47.217 | DEBUG    | __main__:on_press:59 - Key.alt_l :pushed
2022-03-07 16:44:47.275 | DEBUG    | __main__:on_press:59 - Key.tab :pushed
2022-03-07 16:44:47.524 | DEBUG    | __main__:on_press:59 - Key.tab :pushed
2022-03-07 16:44:47.939 | DEBUG    | __main__:on_press:59 - Key.tab :pushed
2022-03-07 16:44:48.680 | DEBUG    | __main__:on_press:59 - Key.tab :pushed
2022-03-07 16:45:18.835 | DEBUG    | __main__:on_press:59 - Key.tab :pushed
2022-03-07 16:45:19.456 | DEBUG    | __main__:on_press:59 - Key.tab :pushed
2022-03-07 16:45:19.852 | DEBUG    | __main__:on_press:59 - Key.tab :pushed
2022-03-07 16:45:20.850 | DEBUG    | __main__:on_press:59 - Key.backspace :pushed
2022-03-07 16:45:21.124 | DEBUG    | __main__:on_press:59 - Key.backspace :pushed
2022-03-07 16:45:22.443 | DEBUG    | __main__:on_press:59 - Key.backspace :pushed
2022-03-07 16:45:39.934 | DEBUG    | __main__:on_press:59 - Key.alt_l :pushed
2022-03-07 16:45:40.125 | DEBUG    | __main__:on_press:59 - Key.tab :pushed
2022-03-07 16:45:40.902 | DEBUG    | __main__:on_press:59 - Key.alt_l :pushed
2022-03-07 16:46:54.753 | DEBUG    | __main__:on_press:59 - Key.alt_l :pushed
2022-03-07 16:46:54.849 | DEBUG    | __main__:on_press:59 - Key.tab :pushed
2022-03-07 16:46:55.397 | DEBUG    | __main__:on_press:59 - Key.alt_l :pushed
2022-03-07 16:46:55.477 | DEBUG    | __main__:on_press:59 - Key.tab :pushed
2022-03-07 16:46:55.790 | DEBUG    | __main__:on_press:59 - Key.tab :pushed
2022-03-07 16:47:03.149 | DEBUG    | __main__:on_press:59 - Key.cmd :pushed
2022-03-07 16:47:03.306 | DEBUG    | __main__:on_press:59 - '/' :pushed
2022-03-07 16:47:04.537 | DEBUG    | __main__:on_press:59 - Key.ctrl_l :pushed
2022-03-07 16:47:04.903 | DEBUG    | __main__:on_press:59 - <191> :pushed
2022-03-07 16:47:06.729 | DEBUG    | __main__:on_press:59 - Key.enter :pushed
2022-03-07 16:47:06.916 | DEBUG    | __main__:on_press:59 - Key.enter :pushed
2022-03-07 16:47:07.425 | DEBUG    | __main__:on_press:59 - Key.ctrl_l :pushed
2022-03-07 16:47:08.058 | DEBUG    | __main__:on_press:59 - '\x16' :pushed
2022-03-07 16:49:07.376 | DEBUG    | __main__:on_press:59 - Key.alt_l :pushed
2022-03-07 16:49:07.675 | DEBUG    | __main__:on_press:59 - Key.tab :pushed
2022-03-07 16:49:14.455 | DEBUG    | __main__:on_press:59 - Key.alt_l :pushed
2022-03-07 16:49:14.564 | DEBUG    | __main__:on_press:59 - Key.tab :pushed
2022-03-07 16:49:15.145 | DEBUG    | __main__:on_press:59 - Key.alt_l :pushed
2022-03-07 16:49:18.343 | DEBUG    | __main__:on_press:59 - 'c' :pushed
2022-03-07 16:49:18.548 | DEBUG    | __main__:on_press:59 - 'o' :pushed
2022-03-07 16:49:18.783 | DEBUG    | __main__:on_press:59 - 'n' :pushed
2022-03-07 16:49:18.953 | DEBUG    | __main__:on_press:59 - 'd' :pushed
2022-03-07 16:49:19.015 | DEBUG    | __main__:on_press:59 - 'a' :pushed
2022-03-07 16:49:19.223 | DEBUG    | __main__:on_press:59 - Key.space :pushed
2022-03-07 16:49:20.068 | DEBUG    | __main__:on_press:59 - Key.backspace :pushed
2022-03-07 16:49:20.792 | DEBUG    | __main__:on_press:59 - 'r' :pushed
2022-03-07 16:49:20.904 | DEBUG    | __main__:on_press:59 - 'u' :pushed
2022-03-07 16:49:21.099 | DEBUG    | __main__:on_press:59 - 'h' :pushed
2022-03-07 16:49:21.482 | DEBUG    | __main__:on_press:59 - Key.backspace :pushed
2022-03-07 16:49:21.677 | DEBUG    | __main__:on_press:59 - Key.backspace :pushed
2022-03-07 16:49:21.847 | DEBUG    | __main__:on_press:59 - Key.backspace :pushed
2022-03-07 16:49:22.190 | DEBUG    | __main__:on_press:59 - Key.shift_r :pushed
2022-03-07 16:49:22.699 | DEBUG    | __main__:on_press:59 - 'r' :pushed
2022-03-07 16:49:22.864 | DEBUG    | __main__:on_press:59 - 'u' :pushed
2022-03-07 16:49:23.062 | DEBUG    | __main__:on_press:59 - 'h' :pushed
2022-03-07 16:49:23.210 | DEBUG    | __main__:on_press:59 - 'r' :pushed
2022-03-07 16:49:23.828 | DEBUG    | __main__:on_press:59 - Key.backspace :pushed
2022-03-07 16:49:23.937 | DEBUG    | __main__:on_press:59 - 'e' :pushed
2022-03-07 16:49:24.269 | DEBUG    | __main__:on_press:59 - '1' :pushed
2022-03-07 16:49:24.631 | DEBUG    | __main__:on_press:59 - 'i' :pushed
2022-03-07 16:49:24.811 | DEBUG    | __main__:on_press:59 - 'q' :pushed
2022-03-07 16:49:25.230 | DEBUG    | __main__:on_press:59 - 'e' :pushed
2022-03-07 16:49:25.646 | DEBUG    | __main__:on_press:59 - 'h' :pushed
2022-03-07 16:49:25.773 | DEBUG    | __main__:on_press:59 - 'u' :pushed
2022-03-07 16:49:25.834 | DEBUG    | __main__:on_press:59 - 'a' :pushed
2022-03-07 16:49:25.993 | DEBUG    | __main__:on_press:59 - 'n' :pushed
2022-03-07 16:49:26.479 | DEBUG    | __main__:on_press:59 - Key.backspace :pushed
2022-03-07 16:49:26.678 | DEBUG    | __main__:on_press:59 - Key.backspace :pushed
2022-03-07 16:49:26.876 | DEBUG    | __main__:on_press:59 - Key.backspace :pushed
2022-03-07 16:49:27.061 | DEBUG    | __main__:on_press:59 - Key.backspace :pushed
2022-03-07 16:49:27.245 | DEBUG    | __main__:on_press:59 - Key.backspace :pushed
2022-03-07 16:49:27.439 | DEBUG    | __main__:on_press:59 - Key.backspace :pushed
2022-03-07 16:49:27.658 | DEBUG    | __main__:on_press:59 - Key.backspace :pushed
2022-03-07 16:49:27.953 | DEBUG    | __main__:on_press:59 - 'q' :pushed
2022-03-07 16:49:28.253 | DEBUG    | __main__:on_press:59 - 'i' :pushed
2022-03-07 16:49:28.443 | DEBUG    | __main__:on_press:59 - 'e' :pushed
2022-03-07 16:49:28.700 | DEBUG    | __main__:on_press:59 - 'h' :pushed
2022-03-07 16:49:28.778 | DEBUG    | __main__:on_press:59 - 'u' :pushed
2022-03-07 16:49:28.845 | DEBUG    | __main__:on_press:59 - 'a' :pushed
2022-03-07 16:49:29.005 | DEBUG    | __main__:on_press:59 - 'n' :pushed
2022-03-07 16:49:29.298 | DEBUG    | __main__:on_press:59 - 'h' :pushed
2022-03-07 16:49:29.362 | DEBUG    | __main__:on_press:59 - 'u' :pushed
2022-03-07 16:49:29.429 | DEBUG    | __main__:on_press:59 - 'a' :pushed
2022-03-07 16:49:29.598 | DEBUG    | __main__:on_press:59 - 'n' :pushed
2022-03-07 16:49:29.809 | DEBUG    | __main__:on_press:59 - 'j' :pushed
2022-03-07 16:49:30.055 | DEBUG    | __main__:on_press:59 - '1' :pushed
2022-03-07 16:49:30.242 | DEBUG    | __main__:on_press:59 - Key.enter :pushed
2022-03-07 16:49:30.452 | DEBUG    | __main__:on_press:59 - Key.enter :pushed
2022-03-07 16:49:48.344 | DEBUG    | __main__:on_press:59 - Key.alt_l :pushed
2022-03-07 16:49:48.458 | DEBUG    | __main__:on_press:59 - Key.tab :pushed
2022-03-07 16:49:49.629 | DEBUG    | __main__:on_press:59 - Key.alt_l :pushed
2022-03-07 16:49:49.707 | DEBUG    | __main__:on_press:59 - Key.tab :pushed
2022-03-07 16:49:50.306 | DEBUG    | __main__:on_press:59 - Key.tab :pushed
2022-03-07 16:49:52.324 | DEBUG    | __main__:on_press:59 - Key.ctrl_l :pushed
2022-03-07 16:49:52.534 | DEBUG    | __main__:on_press:59 - '\x16' :pushed
2022-03-07 16:49:52.937 | DEBUG    | __main__:on_press:59 - Key.enter :pushed
2022-03-07 16:49:55.589 | DEBUG    | __main__:on_press:59 - Key.alt_l :pushed
2022-03-07 16:49:55.667 | DEBUG    | __main__:on_press:59 - Key.tab :pushed
2022-03-07 16:49:56.295 | DEBUG    | __main__:on_press:59 - Key.alt_l :pushed
2022-03-07 16:49:56.373 | DEBUG    | __main__:on_press:59 - Key.tab :pushed
2022-03-07 16:49:56.642 | DEBUG    | __main__:on_press:59 - Key.tab :pushed
2022-03-07 16:50:03.033 | DEBUG    | __main__:on_press:59 - Key.ctrl_l :pushed
2022-03-07 16:50:03.504 | DEBUG    | __main__:on_press:59 - '\x03' :pushed
2022-03-07 16:50:04.095 | DEBUG    | __main__:on_press:59 - Key.alt_l :pushed
2022-03-07 16:50:04.225 | DEBUG    | __main__:on_press:59 - Key.tab :pushed
2022-03-07 16:50:04.887 | DEBUG    | __main__:on_press:59 - Key.alt_l :pushed
2022-03-07 16:50:04.934 | DEBUG    | __main__:on_press:59 - Key.tab :pushed
2022-03-07 16:50:05.258 | DEBUG    | __main__:on_press:59 - Key.tab :pushed
2022-03-07 16:50:07.087 | DEBUG    | __main__:on_press:59 - Key.ctrl_l :pushed
2022-03-07 16:50:07.401 | DEBUG    | __main__:on_press:59 - '\x16' :pushed
2022-03-07 16:50:08.845 | DEBUG    | __main__:on_press:59 - Key.space :pushed
2022-03-07 16:50:09.770 | DEBUG    | __main__:on_press:59 - 'p' :pushed
2022-03-07 16:50:10.115 | DEBUG    | __main__:on_press:59 - 'y' :pushed
2022-03-07 16:50:10.492 | DEBUG    | __main__:on_press:59 - 't' :pushed
2022-03-07 16:50:10.587 | DEBUG    | __main__:on_press:59 - 'h' :pushed
2022-03-07 16:50:10.759 | DEBUG    | __main__:on_press:59 - 'o' :pushed
2022-03-07 16:50:10.979 | DEBUG    | __main__:on_press:59 - 'n' :pushed
2022-03-07 16:50:11.528 | DEBUG    | __main__:on_press:59 - Key.shift_r :pushed
2022-03-07 16:50:11.771 | DEBUG    | __main__:on_press:59 - '_' :pushed
2022-03-07 16:50:13.741 | DEBUG    | __main__:on_press:59 - '3' :pushed
2022-03-07 16:50:13.929 | DEBUG    | __main__:on_press:59 - '.' :pushed
2022-03-07 16:50:14.368 | DEBUG    | __main__:on_press:59 - '7' :pushed
2022-03-07 16:50:14.745 | DEBUG    | __main__:on_press:59 - Key.enter :pushed
2022-03-07 16:50:17.257 | DEBUG    | __main__:on_press:59 - 'p' :pushed
2022-03-07 16:50:17.523 | DEBUG    | __main__:on_press:59 - 'i' :pushed
2022-03-07 16:50:17.696 | DEBUG    | __main__:on_press:59 - 'p' :pushed
2022-03-07 16:50:17.869 | DEBUG    | __main__:on_press:59 - Key.space :pushed
2022-03-07 16:50:18.104 | DEBUG    | __main__:on_press:59 - 'i' :pushed
2022-03-07 16:50:18.340 | DEBUG    | __main__:on_press:59 - 'n' :pushed
2022-03-07 16:50:18.497 | DEBUG    | __main__:on_press:59 - 's' :pushed
2022-03-07 16:50:18.716 | DEBUG    | __main__:on_press:59 - 't' :pushed
2022-03-07 16:50:18.842 | DEBUG    | __main__:on_press:59 - 'a' :pushed
2022-03-07 16:50:19.061 | DEBUG    | __main__:on_press:59 - 'l' :pushed
2022-03-07 16:50:19.454 | DEBUG    | __main__:on_press:59 - Key.space :pushed
2022-03-07 16:50:19.627 | DEBUG    | __main__:on_press:59 - Key.space :pushed
2022-03-07 16:50:20.302 | DEBUG    | __main__:on_press:59 - Key.backspace :pushed
2022-03-07 16:50:20.521 | DEBUG    | __main__:on_press:59 - Key.backspace :pushed
2022-03-07 16:50:20.725 | DEBUG    | __main__:on_press:59 - Key.backspace :pushed
2022-03-07 16:50:21.432 | DEBUG    | __main__:on_press:59 - 'l' :pushed
2022-03-07 16:50:21.604 | DEBUG    | __main__:on_press:59 - 'l' :pushed
2022-03-07 16:50:21.886 | DEBUG    | __main__:on_press:59 - Key.space :pushed
2022-03-07 16:50:27.632 | DEBUG    | __main__:on_press:59 - 'p' :pushed
2022-03-07 16:50:28.024 | DEBUG    | __main__:on_press:59 - 'y' :pushed
2022-03-07 16:50:28.307 | DEBUG    | __main__:on_press:59 - 'n' :pushed
2022-03-07 16:50:28.558 | DEBUG    | __main__:on_press:59 - 'p' :pushed
2022-03-07 16:50:28.919 | DEBUG    | __main__:on_press:59 - 'u' :pushed
2022-03-07 16:50:29.187 | DEBUG    | __main__:on_press:59 - 't' :pushed
2022-03-07 16:50:30.191 | DEBUG    | __main__:on_press:59 - Key.enter :pushed
2022-03-07 16:50:57.182 | DEBUG    | __main__:on_press:59 - Key.alt_l :pushed
2022-03-07 16:50:57.339 | DEBUG    | __main__:on_press:59 - Key.tab :pushed
2022-03-07 16:51:09.032 | DEBUG    | __main__:on_press:59 - Key.alt_l :pushed
2022-03-07 16:51:09.142 | DEBUG    | __main__:on_press:59 - Key.tab :pushed
2022-03-07 16:51:09.943 | DEBUG    | __main__:on_press:59 - Key.tab :pushed
2022-03-07 16:51:31.840 | DEBUG    | __main__:on_press:59 - Key.alt_l :pushed
2022-03-07 16:51:31.965 | DEBUG    | __main__:on_press:59 - Key.tab :pushed
2022-03-07 16:51:52.765 | DEBUG    | __main__:on_press:59 - Key.shift :pushed
2022-03-07 16:51:53.063 | DEBUG    | __main__:on_press:59 - '#' :pushed
2022-03-07 16:51:53.425 | DEBUG    | __main__:on_press:59 - Key.space :pushed
2022-03-07 16:52:19.278 | DEBUG    | __main__:on_press:59 - Key.backspace :pushed
2022-03-07 16:52:19.514 | DEBUG    | __main__:on_press:59 - Key.backspace :pushed
2022-03-07 16:52:26.252 | DEBUG    | __main__:on_press:59 - Key.alt_l :pushed
2022-03-07 16:52:26.736 | DEBUG    | __main__:on_press:59 - Key.tab :pushed
2022-03-07 16:52:36.809 | DEBUG    | __main__:on_press:59 - Key.alt_l :pushed
2022-03-07 16:52:36.935 | DEBUG    | __main__:on_press:59 - Key.tab :pushed
2022-03-07 16:52:38.018 | DEBUG    | __main__:on_press:59 - Key.alt_l :pushed
2022-03-07 16:52:38.208 | DEBUG    | __main__:on_press:59 - Key.tab :pushed
2022-03-07 16:53:10.531 | DEBUG    | __main__:on_press:59 - Key.alt_l :pushed
2022-03-07 16:53:10.594 | DEBUG    | __main__:on_press:59 - Key.tab :pushed
2022-03-07 16:53:11.757 | DEBUG    | __main__:on_press:59 - Key.alt_l :pushed
2022-03-07 16:53:11.851 | DEBUG    | __main__:on_press:59 - Key.tab :pushed
2022-03-07 16:53:13.579 | DEBUG    | __main__:on_press:59 - Key.alt_l :pushed
2022-03-07 16:53:13.799 | DEBUG    | __main__:on_press:59 - Key.tab :pushed
2022-03-07 16:53:27.014 | DEBUG    | __main__:on_press:59 - Key.alt_l :pushed
2022-03-07 16:53:27.109 | DEBUG    | __main__:on_press:59 - Key.tab :pushed
2022-03-07 16:53:27.706 | DEBUG    | __main__:on_press:59 - Key.alt_l :pushed
2022-03-07 16:53:27.800 | DEBUG    | __main__:on_press:59 - Key.tab :pushed
2022-03-07 16:53:28.036 | DEBUG    | __main__:on_press:59 - Key.tab :pushed
2022-03-07 16:53:28.727 | DEBUG    | __main__:on_press:59 - Key.tab :pushed
2022-03-07 16:53:30.486 | DEBUG    | __main__:on_press:59 - Key.alt_l :pushed
2022-03-07 16:53:30.612 | DEBUG    | __main__:on_press:59 - Key.tab :pushed
2022-03-07 16:53:31.100 | DEBUG    | __main__:on_press:59 - Key.tab :pushed
2022-03-07 16:53:31.634 | DEBUG    | __main__:on_press:59 - Key.tab :pushed
2022-03-07 16:53:35.477 | DEBUG    | __main__:on_press:59 - Key.alt_l :pushed
2022-03-07 16:53:35.630 | DEBUG    | __main__:on_press:59 - Key.tab :pushed
2022-03-07 16:53:36.230 | DEBUG    | __main__:on_press:59 - Key.tab :pushed
2022-03-07 16:53:36.576 | DEBUG    | __main__:on_press:59 - Key.tab :pushed
2022-03-07 16:53:37.030 | DEBUG    | __main__:on_press:59 - Key.tab :pushed
2022-03-07 16:53:37.549 | DEBUG    | __main__:on_press:59 - Key.tab :pushed
2022-03-07 16:57:01.392 | DEBUG    | __main__:on_press:59 - Key.alt_l :pushed
2022-03-07 16:57:01.426 | DEBUG    | __main__:on_press:59 - Key.tab :pushed
2022-03-07 16:57:02.126 | DEBUG    | __main__:on_press:59 - Key.tab :pushed
2022-03-07 16:57:02.980 | DEBUG    | __main__:on_press:59 - Key.tab :pushed
2022-03-07 16:57:03.332 | DEBUG    | __main__:on_press:59 - Key.tab :pushed
2022-03-07 16:57:07.440 | DEBUG    | __main__:on_press:59 - Key.alt_l :pushed
2022-03-07 16:57:07.551 | DEBUG    | __main__:on_press:59 - Key.tab :pushed
2022-03-07 16:57:08.304 | DEBUG    | __main__:on_press:59 - Key.alt_l :pushed
2022-03-07 16:57:08.415 | DEBUG    | __main__:on_press:59 - Key.tab :pushed
2022-03-07 16:57:08.713 | DEBUG    | __main__:on_press:59 - Key.tab :pushed
2022-03-07 16:57:09.272 | DEBUG    | __main__:on_press:59 - Key.tab :pushed
2022-03-07 16:57:09.640 | DEBUG    | __main__:on_press:59 - Key.tab :pushed
2022-03-07 16:57:33.206 | DEBUG    | __main__:on_press:59 - Key.alt_l :pushed
2022-03-07 16:57:33.321 | DEBUG    | __main__:on_press:59 - Key.tab :pushed
2022-03-07 16:57:33.869 | DEBUG    | __main__:on_press:59 - Key.alt_l :pushed
2022-03-07 16:57:33.948 | DEBUG    | __main__:on_press:59 - Key.tab :pushed
2022-03-07 16:57:34.330 | DEBUG    | __main__:on_press:59 - Key.tab :pushed
2022-03-07 16:57:42.290 | DEBUG    | __main__:on_press:59 - 'h' :pushed
2022-03-07 16:57:42.447 | DEBUG    | __main__:on_press:59 - 's' :pushed
2022-03-07 16:57:44.239 | DEBUG    | __main__:on_press:59 - Key.backspace :pushed
2022-03-07 16:57:44.649 | DEBUG    | __main__:on_press:59 - Key.backspace :pushed
2022-03-07 16:57:45.623 | DEBUG    | __main__:on_press:59 - '7' :pushed
2022-03-07 16:57:46.235 | DEBUG    | __main__:on_press:59 - '8' :pushed
2022-03-07 16:57:46.471 | DEBUG    | __main__:on_press:59 - '9' :pushed
2022-03-07 16:57:46.690 | DEBUG    | __main__:on_press:59 - '9' :pushed
2022-03-07 16:57:46.895 | DEBUG    | __main__:on_press:59 - '0' :pushed
2022-03-07 16:57:47.742 | DEBUG    | __main__:on_press:59 - Key.backspace :pushed
2022-03-07 16:57:47.978 | DEBUG    | __main__:on_press:59 - Key.backspace :pushed
2022-03-07 16:57:48.229 | DEBUG    | __main__:on_press:59 - Key.backspace :pushed
2022-03-07 16:57:48.496 | DEBUG    | __main__:on_press:59 - Key.backspace :pushed
2022-03-07 16:57:48.794 | DEBUG    | __main__:on_press:59 - Key.backspace :pushed
2022-03-07 16:58:44.865 | DEBUG    | __main__:on_press:59 - Key.alt_l :pushed
2022-03-07 16:58:44.918 | DEBUG    | __main__:on_press:59 - Key.tab :pushed
2022-03-07 16:58:45.861 | DEBUG    | __main__:on_press:59 - Key.alt_l :pushed
2022-03-07 16:58:46.068 | DEBUG    | __main__:on_press:59 - Key.tab :pushed
2022-03-07 16:58:46.987 | DEBUG    | __main__:on_press:59 - Key.tab :pushed
2022-03-07 16:59:03.290 | DEBUG    | __main__:on_press:59 - Key.alt_l :pushed
2022-03-07 16:59:03.522 | DEBUG    | __main__:on_press:59 - Key.tab :pushed
2022-03-07 16:59:04.466 | DEBUG    | __main__:on_press:59 - Key.tab :pushed
2022-03-07 16:59:09.714 | DEBUG    | __main__:on_press:59 - Key.alt_l :pushed
2022-03-07 16:59:10.627 | DEBUG    | __main__:on_press:59 - Key.tab :pushed
2022-03-07 16:59:11.301 | DEBUG    | __main__:on_press:59 - Key.alt_l :pushed
2022-03-07 16:59:11.522 | DEBUG    | __main__:on_press:59 - Key.tab :pushed
2022-03-07 16:59:12.433 | DEBUG    | __main__:on_press:59 - Key.alt_l :pushed
2022-03-07 16:59:12.527 | DEBUG    | __main__:on_press:59 - Key.tab :pushed
2022-03-07 17:00:32.813 | DEBUG    | __main__:on_press:59 - Key.ctrl_l :pushed
2022-03-07 17:00:32.986 | DEBUG    | __main__:on_press:59 - '\x1a' :pushed
2022-03-07 17:00:33.472 | DEBUG    | __main__:on_press:59 - '\x1a' :pushed
2022-03-07 17:00:33.786 | DEBUG    | __main__:on_press:59 - '\x1a' :pushed
2022-03-07 17:00:34.100 | DEBUG    | __main__:on_press:59 - '\x1a' :pushed
2022-03-07 17:00:34.414 | DEBUG    | __main__:on_press:59 - '\x1a' :pushed
2022-03-07 17:00:34.713 | DEBUG    | __main__:on_press:59 - '\x1a' :pushed
2022-03-07 17:00:43.003 | DEBUG    | __main__:on_press:59 - Key.ctrl_l :pushed
2022-03-07 17:00:43.174 | DEBUG    | __main__:on_press:59 - '\x1a' :pushed
2022-03-07 17:00:47.052 | DEBUG    | __main__:on_press:59 - Key.ctrl_l :pushed
2022-03-07 17:00:47.366 | DEBUG    | __main__:on_press:59 - '\x03' :pushed
2022-03-07 17:00:52.645 | DEBUG    | __main__:on_press:59 - Key.down :pushed
2022-03-07 17:00:52.676 | DEBUG    | __main__:on_press:59 - Key.up :pushed
2022-03-07 17:00:53.083 | DEBUG    | __main__:on_press:59 - Key.right :pushed
2022-03-07 17:00:53.508 | DEBUG    | __main__:on_press:59 - Key.down :pushed
2022-03-07 17:00:54.326 | DEBUG    | __main__:on_press:59 - Key.backspace :pushed
2022-03-07 17:00:54.546 | DEBUG    | __main__:on_press:59 - Key.backspace :pushed
2022-03-07 17:00:54.750 | DEBUG    | __main__:on_press:59 - Key.backspace :pushed
2022-03-07 17:00:54.925 | DEBUG    | __main__:on_press:59 - Key.backspace :pushed
2022-03-07 17:00:55.362 | DEBUG    | __main__:on_press:59 - Key.backspace :pushed
2022-03-07 17:00:55.771 | DEBUG    | __main__:on_press:59 - Key.backspace :pushed
2022-03-07 17:00:56.164 | DEBUG    | __main__:on_press:59 - Key.backspace :pushed
2022-03-07 17:01:10.455 | DEBUG    | __main__:on_press:59 - Key.alt_l :pushed
2022-03-07 17:01:25.299 | DEBUG    | __main__:on_press:59 - Key.alt_l :pushed
2022-03-07 17:01:25.441 | DEBUG    | __main__:on_press:59 - Key.tab :pushed
2022-03-07 17:01:26.305 | DEBUG    | __main__:on_press:59 - Key.tab :pushed
2022-03-07 17:01:29.091 | DEBUG    | __main__:on_press:59 - Key.alt_l :pushed
2022-03-07 17:01:29.212 | DEBUG    | __main__:on_press:59 - Key.tab :pushed
2022-03-07 17:01:55.141 | DEBUG    | __main__:on_press:59 - 'f' :pushed
2022-03-07 17:01:56.790 | DEBUG    | __main__:on_press:59 - Key.backspace :pushed
2022-03-07 17:02:55.065 | DEBUG    | __main__:on_press:59 - Key.ctrl_l :pushed
2022-03-07 17:03:30.472 | DEBUG    | __main__:on_press:59 - Key.ctrl_l :pushed
2022-03-07 17:08:08.659 | DEBUG    | __main__:on_press:59 - Key.alt_l :pushed
2022-03-07 17:08:08.720 | DEBUG    | __main__:on_press:59 - Key.tab :pushed
2022-03-07 17:08:09.407 | DEBUG    | __main__:on_press:59 - Key.alt_l :pushed
2022-03-07 17:08:09.484 | DEBUG    | __main__:on_press:59 - Key.tab :pushed
2022-03-07 17:08:09.822 | DEBUG    | __main__:on_press:59 - Key.tab :pushed
2022-03-07 17:08:10.956 | DEBUG    | __main__:on_press:59 - Key.tab :pushed
2022-03-07 17:08:23.792 | DEBUG    | __main__:on_press:59 - Key.alt_l :pushed
2022-03-07 17:08:23.843 | DEBUG    | __main__:on_press:59 - Key.tab :pushed
2022-03-07 17:08:24.538 | DEBUG    | __main__:on_press:59 - Key.tab :pushed
2022-03-07 17:08:25.180 | DEBUG    | __main__:on_press:59 - Key.tab :pushed
2022-03-07 17:12:38.513 | DEBUG    | __main__:on_press:59 - 'o' :pushed
2022-03-07 17:12:56.964 | DEBUG    | __main__:on_press:59 - Key.alt_l :pushed
2022-03-07 17:12:57.074 | DEBUG    | __main__:on_press:59 - Key.tab :pushed
2022-03-07 17:12:57.890 | DEBUG    | __main__:on_press:59 - Key.alt_l :pushed
2022-03-07 17:12:57.931 | DEBUG    | __main__:on_press:59 - Key.tab :pushed
2022-03-07 17:13:01.733 | DEBUG    | __main__:on_press:59 - 'n' :pushed
2022-03-07 17:13:02.111 | DEBUG    | __main__:on_press:59 - 'e' :pushed
2022-03-07 17:13:02.362 | DEBUG    | __main__:on_press:59 - 'w' :pushed
2022-03-07 17:13:03.493 | DEBUG    | __main__:on_press:59 - Key.enter :pushed
2022-03-07 17:13:04.285 | DEBUG    | __main__:on_press:59 - 'v' :pushed
2022-03-07 17:13:04.639 | DEBUG    | __main__:on_press:59 - 'p' :pushed
2022-03-07 17:13:05.892 | DEBUG    | __main__:on_press:59 - Key.enter :pushed
2022-03-07 17:13:06.753 | DEBUG    | __main__:on_press:59 - Key.enter :pushed
2022-03-07 17:13:13.566 | DEBUG    | __main__:on_press:59 - Key.backspace :pushed
2022-03-07 17:13:15.027 | DEBUG    | __main__:on_press:59 - Key.enter :pushed
2022-03-07 17:13:16.458 | DEBUG    | __main__:on_press:59 - Key.enter :pushed
2022-03-07 17:13:28.616 | DEBUG    | __main__:on_press:59 - 'a' :pushed
2022-03-07 17:13:28.944 | DEBUG    | __main__:on_press:59 - 't' :pushed
2022-03-07 17:13:29.286 | DEBUG    | __main__:on_press:59 - 'r' :pushed
2022-03-07 17:13:29.597 | DEBUG    | __main__:on_press:59 - 'u' :pushed
2022-03-07 17:13:29.820 | DEBUG    | __main__:on_press:59 - 's' :pushed
2022-03-07 17:13:30.051 | DEBUG    | __main__:on_press:59 - 't' :pushed
2022-03-07 17:13:30.441 | DEBUG    | __main__:on_press:59 - Key.enter :pushed
2022-03-07 17:13:30.651 | DEBUG    | __main__:on_press:59 - Key.enter :pushed
2022-03-07 17:16:34.170 | DEBUG    | __main__:on_press:59 - Key.backspace :pushed
2022-03-07 17:16:34.534 | DEBUG    | __main__:on_press:59 - Key.backspace :pushed
2022-03-07 17:16:34.900 | DEBUG    | __main__:on_press:59 - Key.backspace :pushed
2022-03-07 17:16:35.020 | DEBUG    | __main__:on_press:59 - 'a' :pushed
2022-03-07 17:16:35.383 | DEBUG    | __main__:on_press:59 - 'n' :pushed
2022-03-07 17:16:35.668 | DEBUG    | __main__:on_press:59 - 'd' :pushed
2022-03-07 17:16:36.012 | DEBUG    | __main__:on_press:59 - 'r' :pushed
2022-03-07 17:16:36.301 | DEBUG    | __main__:on_press:59 - 'o' :pushed
2022-03-07 17:16:36.599 | DEBUG    | __main__:on_press:59 - 'i' :pushed
2022-03-07 17:16:36.789 | DEBUG    | __main__:on_press:59 - 'd' :pushed
2022-03-07 17:16:37.300 | DEBUG    | __main__:on_press:59 - Key.enter :pushed
2022-03-07 17:17:00.346 | DEBUG    | __main__:on_press:59 - Key.backspace :pushed
2022-03-07 17:17:10.806 | DEBUG    | __main__:on_press:59 - 'a' :pushed
2022-03-07 17:17:12.168 | DEBUG    | __main__:on_press:59 - Key.backspace :pushed
2022-03-07 17:17:12.581 | DEBUG    | __main__:on_press:59 - 'h' :pushed
2022-03-07 17:17:13.587 | DEBUG    | __main__:on_press:59 - Key.enter :pushed
2022-03-07 17:17:15.512 | DEBUG    | __main__:on_press:59 - '5' :pushed
2022-03-07 17:17:17.315 | DEBUG    | __main__:on_press:59 - Key.enter :pushed
2022-03-07 17:18:41.778 | DEBUG    | __main__:on_press:59 - 'h' :pushed
2022-03-07 17:18:41.857 | DEBUG    | __main__:on_press:59 - 'u' :pushed
2022-03-07 17:18:42.179 | DEBUG    | __main__:on_press:59 - Key.backspace :pushed
2022-03-07 17:18:42.415 | DEBUG    | __main__:on_press:59 - Key.backspace :pushed
2022-03-07 17:18:42.630 | DEBUG    | __main__:on_press:59 - Key.backspace :pushed
2022-03-07 17:18:44.821 | DEBUG    | __main__:on_press:59 - 'h' :pushed
2022-03-07 17:18:45.996 | DEBUG    | __main__:on_press:59 - '5' :pushed
2022-03-07 17:18:46.770 | DEBUG    | __main__:on_press:59 - Key.backspace :pushed
2022-03-07 17:18:47.787 | DEBUG    | __main__:on_press:59 - 'h' :pushed
2022-03-07 17:18:48.473 | DEBUG    | __main__:on_press:59 - Key.shift_r :pushed
2022-03-07 17:18:48.988 | DEBUG    | __main__:on_press:59 - '5' :pushed
2022-03-07 17:18:50.637 | DEBUG    | __main__:on_press:59 - 'k' :pushed
2022-03-07 17:18:50.927 | DEBUG    | __main__:on_press:59 - 'u' :pushed
2022-03-07 17:18:51.076 | DEBUG    | __main__:on_press:59 - 'a' :pushed
2022-03-07 17:18:51.222 | DEBUG    | __main__:on_press:59 - 'n' :pushed
2022-03-07 17:18:51.728 | DEBUG    | __main__:on_press:59 - Key.backspace :pushed
2022-03-07 17:18:51.925 | DEBUG    | __main__:on_press:59 - Key.backspace :pushed
2022-03-07 17:18:52.094 | DEBUG    | __main__:on_press:59 - Key.backspace :pushed
2022-03-07 17:18:52.246 | DEBUG    | __main__:on_press:59 - Key.backspace :pushed
2022-03-07 17:18:53.142 | DEBUG    | __main__:on_press:59 - 'k' :pushed
2022-03-07 17:18:53.390 | DEBUG    | __main__:on_press:59 - 'u' :pushed
2022-03-07 17:18:53.576 | DEBUG    | __main__:on_press:59 - 'a' :pushed
2022-03-07 17:18:53.645 | DEBUG    | __main__:on_press:59 - 'n' :pushed
2022-03-07 17:18:53.884 | DEBUG    | __main__:on_press:59 - 'g' :pushed
2022-03-07 17:18:54.123 | DEBUG    | __main__:on_press:59 - 'j' :pushed
2022-03-07 17:18:54.211 | DEBUG    | __main__:on_press:59 - 'i' :pushed
2022-03-07 17:18:54.292 | DEBUG    | __main__:on_press:59 - 'a' :pushed
2022-03-07 17:18:54.761 | DEBUG    | __main__:on_press:59 - Key.backspace :pushed
2022-03-07 17:18:55.000 | DEBUG    | __main__:on_press:59 - Key.backspace :pushed
2022-03-07 17:18:55.413 | DEBUG    | __main__:on_press:59 - Key.backspace :pushed
2022-03-07 17:18:55.625 | DEBUG    | __main__:on_press:59 - Key.backspace :pushed
2022-03-07 17:18:55.825 | DEBUG    | __main__:on_press:59 - Key.backspace :pushed
2022-03-07 17:18:56.013 | DEBUG    | __main__:on_press:59 - Key.backspace :pushed
2022-03-07 17:18:56.214 | DEBUG    | __main__:on_press:59 - Key.backspace :pushed
2022-03-07 17:18:56.415 | DEBUG    | __main__:on_press:59 - Key.backspace :pushed
2022-03-07 17:18:56.939 | DEBUG    | __main__:on_press:59 - Key.shift_r :pushed
2022-03-07 17:18:57.386 | DEBUG    | __main__:on_press:59 - 'k' :pushed
2022-03-07 17:18:57.656 | DEBUG    | __main__:on_press:59 - 'u' :pushed
2022-03-07 17:18:57.778 | DEBUG    | __main__:on_press:59 - 'a' :pushed
2022-03-07 17:18:57.891 | DEBUG    | __main__:on_press:59 - 'n' :pushed
2022-03-07 17:18:58.119 | DEBUG    | __main__:on_press:59 - 'g' :pushed
2022-03-07 17:18:58.339 | DEBUG    | __main__:on_press:59 - 'j' :pushed
2022-03-07 17:18:58.425 | DEBUG    | __main__:on_press:59 - 'i' :pushed
2022-03-07 17:18:58.507 | DEBUG    | __main__:on_press:59 - 'a' :pushed
2022-03-07 17:18:58.802 | DEBUG    | __main__:on_press:59 - '1' :pushed
2022-03-07 17:18:58.958 | DEBUG    | __main__:on_press:59 - Key.enter :pushed
2022-03-07 17:18:59.119 | DEBUG    | __main__:on_press:59 - Key.enter :pushed
2022-03-07 17:19:30.265 | DEBUG    | __main__:on_press:59 - Key.backspace :pushed
2022-03-07 17:19:30.440 | DEBUG    | __main__:on_press:59 - Key.backspace :pushed
2022-03-07 17:19:30.612 | DEBUG    | __main__:on_press:59 - 'q' :pushed
2022-03-07 17:19:30.810 | DEBUG    | __main__:on_press:59 - 'i' :pushed
2022-03-07 17:19:30.928 | DEBUG    | __main__:on_press:59 - 'a' :pushed
2022-03-07 17:19:31.055 | DEBUG    | __main__:on_press:59 - 'n' :pushed
2022-03-07 17:19:31.188 | DEBUG    | __main__:on_press:59 - 'd' :pushed
2022-03-07 17:19:31.307 | DEBUG    | __main__:on_press:59 - 'u' :pushed
2022-03-07 17:19:31.332 | DEBUG    | __main__:on_press:59 - 'a' :pushed
2022-03-07 17:19:31.505 | DEBUG    | __main__:on_press:59 - 'n' :pushed
2022-03-07 17:19:31.782 | DEBUG    | __main__:on_press:59 - '1' :pushed
2022-03-07 17:19:31.994 | DEBUG    | __main__:on_press:59 - Key.enter :pushed
2022-03-07 17:19:32.249 | DEBUG    | __main__:on_press:59 - Key.enter :pushed
2022-03-07 17:20:14.031 | DEBUG    | __main__:on_press:59 - Key.backspace :pushed
2022-03-07 17:20:14.213 | DEBUG    | __main__:on_press:59 - Key.backspace :pushed
2022-03-07 17:20:15.025 | DEBUG    | __main__:on_press:59 - 'v' :pushed
2022-03-07 17:20:15.197 | DEBUG    | __main__:on_press:59 - 'u' :pushed
2022-03-07 17:20:15.429 | DEBUG    | __main__:on_press:59 - 'e' :pushed
2022-03-07 17:20:15.724 | DEBUG    | __main__:on_press:59 - Key.enter :pushed
2022-03-07 17:20:15.910 | DEBUG    | __main__:on_press:59 - Key.enter :pushed
2022-03-07 17:20:31.078 | DEBUG    | __main__:on_press:59 - Key.backspace :pushed
2022-03-07 17:20:31.399 | DEBUG    | __main__:on_press:59 - 'r' :pushed
2022-03-07 17:20:31.527 | DEBUG    | __main__:on_press:59 - 'e' :pushed
2022-03-07 17:20:31.788 | DEBUG    | __main__:on_press:59 - 'a' :pushed
2022-03-07 17:20:32.070 | DEBUG    | __main__:on_press:59 - 'c' :pushed
2022-03-07 17:20:32.336 | DEBUG    | __main__:on_press:59 - 't' :pushed
2022-03-07 17:20:33.555 | DEBUG    | __main__:on_press:59 - Key.enter :pushed
2022-03-07 17:20:33.769 | DEBUG    | __main__:on_press:59 - Key.enter :pushed
2022-03-07 17:21:52.304 | DEBUG    | __main__:on_press:59 - Key.alt_l :pushed
2022-03-07 17:21:52.441 | DEBUG    | __main__:on_press:59 - Key.tab :pushed
2022-03-07 17:21:53.620 | DEBUG    | __main__:on_press:59 - Key.tab :pushed
2022-03-07 17:22:53.302 | DEBUG    | __main__:on_press:59 - Key.enter :pushed
2022-03-07 17:25:05.855 | DEBUG    | __main__:on_press:59 - Key.ctrl_l :pushed
2022-03-07 17:25:06.043 | DEBUG    | __main__:on_press:59 - '\x03' :pushed
2022-03-07 17:25:10.273 | DEBUG    | __main__:on_press:59 - Key.backspace :pushed
2022-03-07 17:25:10.492 | DEBUG    | __main__:on_press:59 - Key.ctrl_l :pushed
2022-03-07 17:25:10.683 | DEBUG    | __main__:on_press:59 - '\x16' :pushed
2022-03-07 17:25:10.858 | DEBUG    | __main__:on_press:59 - Key.enter :pushed
2022-03-07 17:25:11.060 | DEBUG    | __main__:on_press:59 - Key.enter :pushed
2022-03-07 17:25:19.185 | DEBUG    | __main__:on_press:59 - Key.alt_l :pushed
2022-03-07 17:25:20.754 | DEBUG    | __main__:on_press:59 - Key.alt_l :pushed
2022-03-07 17:25:20.829 | DEBUG    | __main__:on_press:59 - Key.tab :pushed
2022-03-07 17:27:51.470 | DEBUG    | __main__:on_press:60 - 'd' :pushed
2022-03-07 17:27:54.787 | DEBUG    | __main__:on_press:60 - Key.backspace :pushed
2022-03-07 17:28:36.188 | DEBUG    | __main__:on_press:60 - 'g' :pushed
2022-03-07 17:28:37.447 | DEBUG    | __main__:on_press:60 - Key.backspace :pushed
2022-03-07 17:28:59.412 | DEBUG    | __main__:on_press:60 - 'l' :pushed
2022-03-07 17:29:00.504 | DEBUG    | __main__:on_press:60 - Key.backspace :pushed
2022-03-07 17:30:08.603 | DEBUG    | __main__:on_press:60 - 'f' :pushed
2022-03-07 17:30:18.244 | DEBUG    | __main__:on_press:60 - 'v' :pushed
2022-03-07 17:30:32.231 | DEBUG    | __main__:on_press:60 - 'g' :pushed
2022-03-10 09:12:23.801 | DEBUG    | __main__:on_press:60 - 'w' :pushed
2022-03-10 09:12:24.556 | DEBUG    | __main__:on_press:60 - 'w' :pushed
2022-03-10 09:12:24.923 | DEBUG    | __main__:on_press:60 - 'w' :pushed
2022-03-10 09:12:25.302 | DEBUG    | __main__:on_press:60 - 'w' :pushed
2022-03-10 09:12:26.189 | DEBUG    | __main__:on_press:60 - Key.backspace :pushed
2022-03-10 09:12:26.418 | DEBUG    | __main__:on_press:60 - Key.backspace :pushed
2022-03-10 09:12:26.640 | DEBUG    | __main__:on_press:60 - Key.backspace :pushed
2022-03-10 09:12:26.922 | DEBUG    | __main__:on_press:60 - Key.backspace :pushed
2022-03-10 09:12:27.516 | DEBUG    | __main__:on_press:60 - Key.backspace :pushed
2022-03-10 09:12:49.058 | DEBUG    | __main__:on_press:60 - Key.ctrl_l :pushed
2022-03-10 09:12:50.174 | DEBUG    | __main__:on_press:60 - '\x18' :pushed
2022-03-10 09:13:14.469 | DEBUG    | __main__:on_press:60 - 'j' :pushed
2022-03-10 09:13:14.573 | DEBUG    | __main__:on_press:60 - 'i' :pushed
2022-03-10 09:13:14.681 | DEBUG    | __main__:on_press:60 - 'a' :pushed
2022-03-10 09:13:14.780 | DEBUG    | __main__:on_press:60 - 'n' :pushed
2022-03-10 09:13:15.082 | DEBUG    | __main__:on_press:60 - 't' :pushed
2022-03-10 09:13:15.344 | DEBUG    | __main__:on_press:60 - 'i' :pushed
2022-03-10 09:13:15.498 | DEBUG    | __main__:on_press:60 - 'n' :pushed
2022-03-10 09:13:16.483 | DEBUG    | __main__:on_press:60 - '1' :pushed
2022-03-10 09:13:16.933 | DEBUG    | __main__:on_press:60 - 's' :pushed
2022-03-10 09:13:17.053 | DEBUG    | __main__:on_press:60 - 'h' :pushed
2022-03-10 09:13:17.155 | DEBUG    | __main__:on_press:60 - 'u' :pushed
2022-03-10 09:13:17.325 | DEBUG    | __main__:on_press:60 - 'b' :pushed
2022-03-10 09:13:17.537 | DEBUG    | __main__:on_press:60 - 'i' :pushed
2022-03-10 09:13:17.682 | DEBUG    | __main__:on_press:60 - 'a' :pushed
2022-03-10 09:13:17.965 | DEBUG    | __main__:on_press:60 - 'o' :pushed
2022-03-10 09:13:18.847 | DEBUG    | __main__:on_press:60 - '1' :pushed
2022-03-10 09:13:19.216 | DEBUG    | __main__:on_press:60 - 'j' :pushed
2022-03-10 09:13:19.333 | DEBUG    | __main__:on_press:60 - 'i' :pushed
2022-03-10 09:13:19.446 | DEBUG    | __main__:on_press:60 - 'a' :pushed
2022-03-10 09:13:19.537 | DEBUG    | __main__:on_press:60 - 'n' :pushed
2022-03-10 09:13:20.076 | DEBUG    | __main__:on_press:60 - 'p' :pushed
2022-03-10 09:13:20.375 | DEBUG    | __main__:on_press:60 - 'n' :pushed
2022-03-10 09:13:20.499 | DEBUG    | __main__:on_press:60 - 'a' :pushed
2022-03-10 09:13:21.625 | DEBUG    | __main__:on_press:60 - '1' :pushed
2022-03-10 09:13:22.300 | DEBUG    | __main__:on_press:60 - Key.backspace :pushed
2022-03-10 09:13:27.751 | DEBUG    | __main__:on_press:60 - Key.caps_lock :pushed
2022-03-10 09:13:29.011 | DEBUG    | __main__:on_press:60 - Key.caps_lock :pushed
2022-03-10 09:13:29.455 | DEBUG    | __main__:on_press:60 - 'm' :pushed
2022-03-10 09:13:29.615 | DEBUG    | __main__:on_press:60 - 'o' :pushed
2022-03-10 09:13:31.036 | DEBUG    | __main__:on_press:60 - 'n' :pushed
2022-03-10 09:13:31.234 | DEBUG    | __main__:on_press:60 - 'i' :pushed
2022-03-10 09:13:31.673 | DEBUG    | __main__:on_press:60 - 't' :pushed
2022-03-10 09:13:31.933 | DEBUG    | __main__:on_press:60 - 'o' :pushed
2022-03-10 09:13:32.291 | DEBUG    | __main__:on_press:60 - 'r' :pushed
2022-03-10 09:13:32.600 | DEBUG    | __main__:on_press:60 - Key.enter :pushed
2022-03-10 09:13:33.906 | DEBUG    | __main__:on_press:60 - Key.shift_r :pushed
2022-03-10 09:13:34.051 | DEBUG    | __main__:on_press:60 - '_' :pushed
2022-03-10 09:13:34.670 | DEBUG    | __main__:on_press:60 - Key.backspace :pushed
2022-03-10 09:13:34.868 | DEBUG    | __main__:on_press:60 - Key.backspace :pushed
2022-03-10 09:13:35.069 | DEBUG    | __main__:on_press:60 - Key.shift_r :pushed
2022-03-10 09:13:35.433 | DEBUG    | __main__:on_press:60 - Key.shift_r :pushed
2022-03-10 09:13:35.533 | DEBUG    | __main__:on_press:60 - '_' :pushed
2022-03-10 09:13:39.117 | DEBUG    | __main__:on_press:60 - 'm' :pushed
2022-03-10 09:13:39.213 | DEBUG    | __main__:on_press:60 - 'k' :pushed
2022-03-10 09:13:40.985 | DEBUG    | __main__:on_press:60 - Key.page_up :pushed
2022-03-10 09:13:54.768 | DEBUG    | __main__:on_press:60 - Key.ctrl_l :pushed
2022-03-10 09:13:55.128 | DEBUG    | __main__:on_press:60 - '\x16' :pushed
2022-03-10 09:13:58.689 | DEBUG    | __main__:on_press:60 - Key.enter :pushed
2022-03-10 09:13:59.243 | DEBUG    | __main__:on_press:60 - Key.enter :pushed
2022-03-10 09:14:00.327 | DEBUG    | __main__:on_press:60 - Key.shift_r :pushed
2022-03-10 09:14:00.578 | DEBUG    | __main__:on_press:60 - '"' :pushed
2022-03-10 09:14:00.794 | DEBUG    | __main__:on_press:60 - '"' :pushed
2022-03-10 09:14:00.971 | DEBUG    | __main__:on_press:60 - '"' :pushed
2022-03-10 09:14:01.492 | DEBUG    | __main__:on_press:60 - Key.enter :pushed
2022-03-10 09:14:02.706 | DEBUG    | __main__:on_press:60 - 'j' :pushed
2022-03-10 09:14:02.795 | DEBUG    | __main__:on_press:60 - 'i' :pushed
2022-03-10 09:14:02.875 | DEBUG    | __main__:on_press:60 - 'a' :pushed
2022-03-10 09:14:02.998 | DEBUG    | __main__:on_press:60 - 'n' :pushed
2022-03-10 09:14:03.375 | DEBUG    | __main__:on_press:60 - Key.backspace :pushed
2022-03-10 09:14:03.552 | DEBUG    | __main__:on_press:60 - Key.backspace :pushed
2022-03-10 09:14:03.722 | DEBUG    | __main__:on_press:60 - Key.backspace :pushed
2022-03-10 09:14:03.888 | DEBUG    | __main__:on_press:60 - Key.backspace :pushed
2022-03-10 09:14:04.116 | DEBUG    | __main__:on_press:60 - Key.shift_r :pushed
2022-03-10 09:14:04.740 | DEBUG    | __main__:on_press:60 - 'j' :pushed
2022-03-10 09:14:04.883 | DEBUG    | __main__:on_press:60 - 'i' :pushed
2022-03-10 09:14:04.999 | DEBUG    | __main__:on_press:60 - 'a' :pushed
2022-03-10 09:14:05.083 | DEBUG    | __main__:on_press:60 - 'n' :pushed
2022-03-10 09:14:05.956 | DEBUG    | __main__:on_press:60 - 't' :pushed
2022-03-10 09:14:06.172 | DEBUG    | __main__:on_press:60 - 'i' :pushed
2022-03-10 09:14:06.370 | DEBUG    | __main__:on_press:60 - 'n' :pushed
2022-03-10 09:14:06.616 | DEBUG    | __main__:on_press:60 - '1' :pushed
2022-03-10 09:14:07.368 | DEBUG    | __main__:on_press:60 - 's' :pushed
2022-03-10 09:14:07.408 | DEBUG    | __main__:on_press:60 - 'h' :pushed
2022-03-10 09:14:07.531 | DEBUG    | __main__:on_press:60 - 'u' :pushed
2022-03-10 09:14:07.759 | DEBUG    | __main__:on_press:60 - 'b' :pushed
2022-03-10 09:14:07.977 | DEBUG    | __main__:on_press:60 - 'i' :pushed
2022-03-10 09:14:08.131 | DEBUG    | __main__:on_press:60 - 'a' :pushed
2022-03-10 09:14:08.223 | DEBUG    | __main__:on_press:60 - 'o' :pushed
2022-03-10 09:14:08.611 | DEBUG    | __main__:on_press:60 - '1' :pushed
2022-03-10 09:14:09.255 | DEBUG    | __main__:on_press:60 - 'h' :pushed
2022-03-10 09:14:09.398 | DEBUG    | __main__:on_press:60 - 'e' :pushed
2022-03-10 09:14:09.776 | DEBUG    | __main__:on_press:60 - '1' :pushed
2022-03-10 09:14:10.152 | DEBUG    | __main__:on_press:60 - 'j' :pushed
2022-03-10 09:14:10.274 | DEBUG    | __main__:on_press:60 - 'i' :pushed
2022-03-10 09:14:10.333 | DEBUG    | __main__:on_press:60 - 'a' :pushed
2022-03-10 09:14:10.475 | DEBUG    | __main__:on_press:60 - 'n' :pushed
2022-03-10 09:14:11.175 | DEBUG    | __main__:on_press:60 - 'p' :pushed
2022-03-10 09:14:11.344 | DEBUG    | __main__:on_press:60 - 'a' :pushed
2022-03-10 09:14:11.489 | DEBUG    | __main__:on_press:60 - 'n' :pushed
2022-03-10 09:14:11.785 | DEBUG    | __main__:on_press:60 - '1' :pushed
2022-03-10 09:14:16.938 | DEBUG    | __main__:on_press:60 - Key.tab :pushed
